# JRE version: OpenJDK Runtime Environment (11.0.5+10) (build 11.0.5+10-b520.17)
# Java VM: OpenJDK 64-Bit Server VM (11.0.5+10-b520.17, mixed mode, tiered, compressed oops, concurrent mark sweep gc, linux-amd64)
Heap:
 par new generation   total 39296K, used 24567K [0x00000000c2600000, 0x00000000c50a0000, 0x00000000d6e00000)
  eden space 34944K,  70% used [0x00000000c2600000, 0x00000000c3dfbd40, 0x00000000c4820000)
  from space 4352K,   0% used [0x00000000c4c60000, 0x00000000c4c62040, 0x00000000c50a0000)
  to   space 4352K,   0% used [0x00000000c4820000, 0x00000000c4820000, 0x00000000c4c60000)
 concurrent mark-sweep generation total 210560K, used 122250K [0x00000000d6e00000, 0x00000000e3ba0000, 0x0000000100000000)
 Metaspace       used 177561K, capacity 183134K, committed 183308K, reserved 1210368K
  class space    used 21399K, capacity 23676K, committed 23788K, reserved 1048576K
GC Heap History (20 events):
Event: 22034.830 GC heap before
{Heap before GC invocations=275 (full 13):
 par new generation   total 39296K, used 35139K [0x00000000c2600000, 0x00000000c50a0000, 0x00000000d6e00000)
  eden space 34944K, 100% used [0x00000000c2600000, 0x00000000c4820000, 0x00000000c4820000)
  from space 4352K,   4% used [0x00000000c4c60000, 0x00000000c4c90c20, 0x00000000c50a0000)
  to   space 4352K,   0% used [0x00000000c4820000, 0x00000000c4820000, 0x00000000c4c60000)
 concurrent mark-sweep generation total 210560K, used 122246K [0x00000000d6e00000, 0x00000000e3ba0000, 0x0000000100000000)
 Metaspace       used 177213K, capacity 182788K, committed 182924K, reserved 1210368K
  class space    used 21355K, capacity 23625K, committed 23660K, reserved 1048576K
}
Event: 22034.835 GC heap after
{Heap after GC invocations=276 (full 13):
 par new generation   total 39296K, used 49K [0x00000000c2600000, 0x00000000c50a0000, 0x00000000d6e00000)
  eden space 34944K,   0% used [0x00000000c2600000, 0x00000000c2600000, 0x00000000c4820000)
  from space 4352K,   1% used [0x00000000c4820000, 0x00000000c482c500, 0x00000000c4c60000)
  to   space 4352K,   0% used [0x00000000c4c60000, 0x00000000c4c60000, 0x00000000c50a0000)
 concurrent mark-sweep generation total 210560K, used 122246K [0x00000000d6e00000, 0x00000000e3ba0000, 0x0000000100000000)
 Metaspace       used 177213K, capacity 182788K, committed 182924K, reserved 1210368K
  class space    used 21355K, capacity 23625K, committed 23660K, reserved 1048576K
}
Event: 22721.528 GC heap before
{Heap before GC invocations=276 (full 13):
 par new generation   total 39296K, used 34993K [0x00000000c2600000, 0x00000000c50a0000, 0x00000000d6e00000)
  eden space 34944K, 100% used [0x00000000c2600000, 0x00000000c4820000, 0x00000000c4820000)
  from space 4352K,   1% used [0x00000000c4820000, 0x00000000c482c500, 0x00000000c4c60000)
  to   space 4352K,   0% used [0x00000000c4c60000, 0x00000000c4c60000, 0x00000000c50a0000)
 concurrent mark-sweep generation total 210560K, used 122246K [0x00000000d6e00000, 0x00000000e3ba0000, 0x0000000100000000)
 Metaspace       used 177213K, capacity 182788K, committed 182924K, reserved 1210368K
  class space    used 21355K, capacity 23625K, committed 23660K, reserved 1048576K
}
Event: 22721.579 GC heap after
{Heap after GC invocations=277 (full 13):
 par new generation   total 39296K, used 13K [0x00000000c2600000, 0x00000000c50a0000, 0x00000000d6e00000)
  eden space 34944K,   0% used [0x00000000c2600000, 0x00000000c2600000, 0x00000000c4820000)
  from space 4352K,   0% used [0x00000000c4c60000, 0x00000000c4c63558, 0x00000000c50a0000)
  to   space 4352K,   0% used [0x00000000c4820000, 0x00000000c4820000, 0x00000000c4c60000)
 concurrent mark-sweep generation total 210560K, used 122247K [0x00000000d6e00000, 0x00000000e3ba0000, 0x0000000100000000)
 Metaspace       used 177213K, capacity 182788K, committed 182924K, reserved 1210368K
  class space    used 21355K, capacity 23625K, committed 23660K, reserved 1048576K
}
Event: 23407.006 GC heap before
{Heap before GC invocations=277 (full 13):
 par new generation   total 39296K, used 34957K [0x00000000c2600000, 0x00000000c50a0000, 0x00000000d6e00000)
  eden space 34944K, 100% used [0x00000000c2600000, 0x00000000c4820000, 0x00000000c4820000)
  from space 4352K,   0% used [0x00000000c4c60000, 0x00000000c4c63558, 0x00000000c50a0000)
  to   space 4352K,   0% used [0x00000000c4820000, 0x00000000c4820000, 0x00000000c4c60000)
 concurrent mark-sweep generation total 210560K, used 122247K [0x00000000d6e00000, 0x00000000e3ba0000, 0x0000000100000000)
 Metaspace       used 177214K, capacity 182788K, committed 182924K, reserved 1210368K
  class space    used 21355K, capacity 23625K, committed 23660K, reserved 1048576K
}
Event: 23407.012 GC heap after
{Heap after GC invocations=278 (full 13):
 par new generation   total 39296K, used 10K [0x00000000c2600000, 0x00000000c50a0000, 0x00000000d6e00000)
  eden space 34944K,   0% used [0x00000000c2600000, 0x00000000c2600000, 0x00000000c4820000)
  from space 4352K,   0% used [0x00000000c4820000, 0x00000000c4822850, 0x00000000c4c60000)
  to   space 4352K,   0% used [0x00000000c4c60000, 0x00000000c4c60000, 0x00000000c50a0000)
 concurrent mark-sweep generation total 210560K, used 122247K [0x00000000d6e00000, 0x00000000e3ba0000, 0x0000000100000000)
 Metaspace       used 177214K, capacity 182788K, committed 182924K, reserved 1210368K
  class space    used 21355K, capacity 23625K, committed 23660K, reserved 1048576K
}
Event: 24087.300 GC heap before
{Heap before GC invocations=278 (full 13):
 par new generation   total 39296K, used 34954K [0x00000000c2600000, 0x00000000c50a0000, 0x00000000d6e00000)
  eden space 34944K, 100% used [0x00000000c2600000, 0x00000000c4820000, 0x00000000c4820000)
  from space 4352K,   0% used [0x00000000c4820000, 0x00000000c4822850, 0x00000000c4c60000)
  to   space 4352K,   0% used [0x00000000c4c60000, 0x00000000c4c60000, 0x00000000c50a0000)
 concurrent mark-sweep generation total 210560K, used 122247K [0x00000000d6e00000, 0x00000000e3ba0000, 0x0000000100000000)
 Metaspace       used 177214K, capacity 182788K, committed 182924K, reserved 1210368K
  class space    used 21355K, capacity 23625K, committed 23660K, reserved 1048576K
}
Event: 24087.304 GC heap after
{Heap after GC invocations=279 (full 13):
 par new generation   total 39296K, used 10K [0x00000000c2600000, 0x00000000c50a0000, 0x00000000d6e00000)
  eden space 34944K,   0% used [0x00000000c2600000, 0x00000000c2600000, 0x00000000c4820000)
  from space 4352K,   0% used [0x00000000c4c60000, 0x00000000c4c62850, 0x00000000c50a0000)
  to   space 4352K,   0% used [0x00000000c4820000, 0x00000000c4820000, 0x00000000c4c60000)
 concurrent mark-sweep generation total 210560K, used 122248K [0x00000000d6e00000, 0x00000000e3ba0000, 0x0000000100000000)
 Metaspace       used 177214K, capacity 182788K, committed 182924K, reserved 1210368K
  class space    used 21355K, capacity 23625K, committed 23660K, reserved 1048576K
}
Event: 24773.667 GC heap before
{Heap before GC invocations=279 (full 13):
 par new generation   total 39296K, used 34954K [0x00000000c2600000, 0x00000000c50a0000, 0x00000000d6e00000)
  eden space 34944K, 100% used [0x00000000c2600000, 0x00000000c4820000, 0x00000000c4820000)
  from space 4352K,   0% used [0x00000000c4c60000, 0x00000000c4c62850, 0x00000000c50a0000)
  to   space 4352K,   0% used [0x00000000c4820000, 0x00000000c4820000, 0x00000000c4c60000)
 concurrent mark-sweep generation total 210560K, used 122248K [0x00000000d6e00000, 0x00000000e3ba0000, 0x0000000100000000)
 Metaspace       used 177214K, capacity 182788K, committed 182924K, reserved 1210368K
  class space    used 21355K, capacity 23625K, committed 23660K, reserved 1048576K
}
Event: 24773.715 GC heap after
{Heap after GC invocations=280 (full 13):
 par new generation   total 39296K, used 8K [0x00000000c2600000, 0x00000000c50a0000, 0x00000000d6e00000)
  eden space 34944K,   0% used [0x00000000c2600000, 0x00000000c2600000, 0x00000000c4820000)
  from space 4352K,   0% used [0x00000000c4820000, 0x00000000c48221b8, 0x00000000c4c60000)
  to   space 4352K,   0% used [0x00000000c4c60000, 0x00000000c4c60000, 0x00000000c50a0000)
 concurrent mark-sweep generation total 210560K, used 122248K [0x00000000d6e00000, 0x00000000e3ba0000, 0x0000000100000000)
 Metaspace       used 177214K, capacity 182788K, committed 182924K, reserved 1210368K
  class space    used 21355K, capacity 23625K, committed 23660K, reserved 1048576K
}
Event: 25462.607 GC heap before
{Heap before GC invocations=280 (full 13):
 par new generation   total 39296K, used 34952K [0x00000000c2600000, 0x00000000c50a0000, 0x00000000d6e00000)
  eden space 34944K, 100% used [0x00000000c2600000, 0x00000000c4820000, 0x00000000c4820000)
  from space 4352K,   0% used [0x00000000c4820000, 0x00000000c48221b8, 0x00000000c4c60000)
  to   space 4352K,   0% used [0x00000000c4c60000, 0x00000000c4c60000, 0x00000000c50a0000)
 concurrent mark-sweep generation total 210560K, used 122248K [0x00000000d6e00000, 0x00000000e3ba0000, 0x0000000100000000)
 Metaspace       used 177214K, capacity 182788K, committed 182924K, reserved 1210368K
  class space    used 21355K, capacity 23625K, committed 23660K, reserved 1048576K
}
Event: 25462.612 GC heap after
{Heap after GC invocations=281 (full 13):
 par new generation   total 39296K, used 8K [0x00000000c2600000, 0x00000000c50a0000, 0x00000000d6e00000)
  eden space 34944K,   0% used [0x00000000c2600000, 0x00000000c2600000, 0x00000000c4820000)
  from space 4352K,   0% used [0x00000000c4c60000, 0x00000000c4c621b8, 0x00000000c50a0000)
  to   space 4352K,   0% used [0x00000000c4820000, 0x00000000c4820000, 0x00000000c4c60000)
 concurrent mark-sweep generation total 210560K, used 122248K [0x00000000d6e00000, 0x00000000e3ba0000, 0x0000000100000000)
 Metaspace       used 177214K, capacity 182788K, committed 182924K, reserved 1210368K
  class space    used 21355K, capacity 23625K, committed 23660K, reserved 1048576K
}
Event: 26150.577 GC heap before
{Heap before GC invocations=281 (full 13):
 par new generation   total 39296K, used 34952K [0x00000000c2600000, 0x00000000c50a0000, 0x00000000d6e00000)
  eden space 34944K, 100% used [0x00000000c2600000, 0x00000000c4820000, 0x00000000c4820000)
  from space 4352K,   0% used [0x00000000c4c60000, 0x00000000c4c621b8, 0x00000000c50a0000)
  to   space 4352K,   0% used [0x00000000c4820000, 0x00000000c4820000, 0x00000000c4c60000)
 concurrent mark-sweep generation total 210560K, used 122248K [0x00000000d6e00000, 0x00000000e3ba0000, 0x0000000100000000)
 Metaspace       used 177214K, capacity 182788K, committed 182924K, reserved 1210368K
  class space    used 21355K, capacity 23625K, committed 23660K, reserved 1048576K
}
Event: 26150.581 GC heap after
{Heap after GC invocations=282 (full 13):
 par new generation   total 39296K, used 8K [0x00000000c2600000, 0x00000000c50a0000, 0x00000000d6e00000)
  eden space 34944K,   0% used [0x00000000c2600000, 0x00000000c2600000, 0x00000000c4820000)
  from space 4352K,   0% used [0x00000000c4820000, 0x00000000c48221b8, 0x00000000c4c60000)
  to   space 4352K,   0% used [0x00000000c4c60000, 0x00000000c4c60000, 0x00000000c50a0000)
 concurrent mark-sweep generation total 210560K, used 122249K [0x00000000d6e00000, 0x00000000e3ba0000, 0x0000000100000000)
 Metaspace       used 177214K, capacity 182788K, committed 182924K, reserved 1210368K
  class space    used 21355K, capacity 23625K, committed 23660K, reserved 1048576K
}
Event: 26838.781 GC heap before
{Heap before GC invocations=282 (full 13):
 par new generation   total 39296K, used 34952K [0x00000000c2600000, 0x00000000c50a0000, 0x00000000d6e00000)
  eden space 34944K, 100% used [0x00000000c2600000, 0x00000000c4820000, 0x00000000c4820000)
  from space 4352K,   0% used [0x00000000c4820000, 0x00000000c48221b8, 0x00000000c4c60000)
  to   space 4352K,   0% used [0x00000000c4c60000, 0x00000000c4c60000, 0x00000000c50a0000)
 concurrent mark-sweep generation total 210560K, used 122249K [0x00000000d6e00000, 0x00000000e3ba0000, 0x0000000100000000)
 Metaspace       used 177214K, capacity 182788K, committed 182924K, reserved 1210368K
  class space    used 21355K, capacity 23625K, committed 23660K, reserved 1048576K
}
Event: 26838.856 GC heap after
{Heap after GC invocations=283 (full 13):
 par new generation   total 39296K, used 10K [0x00000000c2600000, 0x00000000c50a0000, 0x00000000d6e00000)
  eden space 34944K,   0% used [0x00000000c2600000, 0x00000000c2600000, 0x00000000c4820000)
  from space 4352K,   0% used [0x00000000c4c60000, 0x00000000c4c629c8, 0x00000000c50a0000)
  to   space 4352K,   0% used [0x00000000c4820000, 0x00000000c4820000, 0x00000000c4c60000)
 concurrent mark-sweep generation total 210560K, used 122250K [0x00000000d6e00000, 0x00000000e3ba0000, 0x0000000100000000)
 Metaspace       used 177214K, capacity 182788K, committed 182924K, reserved 1210368K
  class space    used 21355K, capacity 23625K, committed 23660K, reserved 1048576K
}
Event: 27526.733 GC heap before
{Heap before GC invocations=283 (full 13):
 par new generation   total 39296K, used 34954K [0x00000000c2600000, 0x00000000c50a0000, 0x00000000d6e00000)
  eden space 34944K, 100% used [0x00000000c2600000, 0x00000000c4820000, 0x00000000c4820000)
  from space 4352K,   0% used [0x00000000c4c60000, 0x00000000c4c629c8, 0x00000000c50a0000)
  to   space 4352K,   0% used [0x00000000c4820000, 0x00000000c4820000, 0x00000000c4c60000)
 concurrent mark-sweep generation total 210560K, used 122250K [0x00000000d6e00000, 0x00000000e3ba0000, 0x0000000100000000)
 Metaspace       used 177214K, capacity 182788K, committed 182924K, reserved 1210368K
  class space    used 21355K, capacity 23625K, committed 23660K, reserved 1048576K
}
Event: 27526.739 GC heap after
{Heap after GC invocations=284 (full 13):
 par new generation   total 39296K, used 8K [0x00000000c2600000, 0x00000000c50a0000, 0x00000000d6e00000)
  eden space 34944K,   0% used [0x00000000c2600000, 0x00000000c2600000, 0x00000000c4820000)
  from space 4352K,   0% used [0x00000000c4820000, 0x00000000c48221b8, 0x00000000c4c60000)
  to   space 4352K,   0% used [0x00000000c4c60000, 0x00000000c4c60000, 0x00000000c50a0000)
 concurrent mark-sweep generation total 210560K, used 122250K [0x00000000d6e00000, 0x00000000e3ba0000, 0x0000000100000000)
 Metaspace       used 177214K, capacity 182788K, committed 182924K, reserved 1210368K
  class space    used 21355K, capacity 23625K, committed 23660K, reserved 1048576K
}
Event: 28215.948 GC heap before
{Heap before GC invocations=284 (full 13):
 par new generation   total 39296K, used 34952K [0x00000000c2600000, 0x00000000c50a0000, 0x00000000d6e00000)
  eden space 34944K, 100% used [0x00000000c2600000, 0x00000000c4820000, 0x00000000c4820000)
  from space 4352K,   0% used [0x00000000c4820000, 0x00000000c48221b8, 0x00000000c4c60000)
  to   space 4352K,   0% used [0x00000000c4c60000, 0x00000000c4c60000, 0x00000000c50a0000)
 concurrent mark-sweep generation total 210560K, used 122250K [0x00000000d6e00000, 0x00000000e3ba0000, 0x0000000100000000)
 Metaspace       used 177216K, capacity 182788K, committed 182924K, reserved 1210368K
  class space    used 21355K, capacity 23625K, committed 23660K, reserved 1048576K
}
Event: 28215.953 GC heap after
{Heap after GC invocations=285 (full 13):
 par new generation   total 39296K, used 8K [0x00000000c2600000, 0x00000000c50a0000, 0x00000000d6e00000)
  eden space 34944K,   0% used [0x00000000c2600000, 0x00000000c2600000, 0x00000000c4820000)
  from space 4352K,   0% used [0x00000000c4c60000, 0x00000000c4c62040, 0x00000000c50a0000)
  to   space 4352K,   0% used [0x00000000c4820000, 0x00000000c4820000, 0x00000000c4c60000)
 concurrent mark-sweep generation total 210560K, used 122250K [0x00000000d6e00000, 0x00000000e3ba0000, 0x0000000100000000)
 Metaspace       used 177216K, capacity 182788K, committed 182924K, reserved 1210368K
  class space    used 21355K, capacity 23625K, committed 23660K, reserved 1048576K
}

